Replace Part C1 CapSMD in D:\HUST\Do An\DATN\Node\MCU_NODE.SchDoc with CapSMD from My Library.SchLib
Replace Part C2 CapSMD in D:\HUST\Do An\DATN\Node\MCU_NODE.SchDoc with CapSMD from My Library.SchLib
Replace Part C3 CapSMD in D:\HUST\Do An\DATN\Node\MCU_NODE.SchDoc with CapSMD from My Library.SchLib
Replace Part C4 CapSMD in D:\HUST\Do An\DATN\Node\MCU_NODE.SchDoc with CapSMD from My Library.SchLib
Replace Part C5 CapSMD in D:\HUST\Do An\DATN\Node\MCU_NODE.SchDoc with CapSMD from My Library.SchLib
Replace Part C6 CapSMD in D:\HUST\Do An\DATN\Node\MCU_NODE.SchDoc with CapSMD from My Library.SchLib
Replace Part C7 CapSMD in D:\HUST\Do An\DATN\Node\MCU_NODE.SchDoc with CapSMD from My Library.SchLib
Replace Part C8 Header4 in D:\HUST\Do An\DATN\Node\MCU_NODE.SchDoc with Header4 from My Library.SchLib
Replace Part C9 CapSMD in D:\HUST\Do An\DATN\Node\MCU_NODE.SchDoc with CapSMD from My Library.SchLib
Replace Part C10 CapSMD in D:\HUST\Do An\DATN\Node\MCU_NODE.SchDoc with CapSMD from My Library.SchLib
Replace Part C11 CapSMD in D:\HUST\Do An\DATN\Node\MCU_NODE.SchDoc with CapSMD from My Library.SchLib
Replace Part H1 Header 6P 2.54 Duc Thang in D:\HUST\Do An\DATN\Node\MCU_NODE.SchDoc with Header 6P 2.54 Duc Thang from Header.SchLib
Replace Part J1 USB-5 in D:\HUST\Do An\DATN\Node\MCU_NODE.SchDoc with USB-5 from My Library.SchLib
Replace Part LED1 LED in D:\HUST\Do An\DATN\Node\MCU_NODE.SchDoc with LED from My Library.SchLib
Replace Part P1 Header 3x2 in D:\HUST\Do An\DATN\Node\MCU_NODE.SchDoc with Header 3x2 from hphonglib.SchLib
Replace Part R1 Resistor - SMD in D:\HUST\Do An\DATN\Node\MCU_NODE.SchDoc with Resistor - SMD from My Library.SchLib
Replace Part R2 Resistor - SMD in D:\HUST\Do An\DATN\Node\MCU_NODE.SchDoc with Resistor - SMD from My Library.SchLib
Replace Part R3 Resistor - SMD in D:\HUST\Do An\DATN\Node\MCU_NODE.SchDoc with Resistor - SMD from My Library.SchLib
Replace Part R4 Resistor - SMD in D:\HUST\Do An\DATN\Node\MCU_NODE.SchDoc with Resistor - SMD from My Library.SchLib
Replace Part R5 Resistor - SMD in D:\HUST\Do An\DATN\Node\MCU_NODE.SchDoc with Resistor - SMD from My Library.SchLib
Replace Part R6 Resistor - SMD in D:\HUST\Do An\DATN\Node\MCU_NODE.SchDoc with Resistor - SMD from My Library.SchLib
Replace Part R7 Resistor - SMD in D:\HUST\Do An\DATN\Node\MCU_NODE.SchDoc with Resistor - SMD from My Library.SchLib
Replace Part SW1 SW2 in D:\HUST\Do An\DATN\Node\MCU_NODE.SchDoc with SW2 from My Library.SchLib
Replace Part U1 STM32F103C8T6 in D:\HUST\Do An\DATN\Node\MCU_NODE.SchDoc with STM32F103C8T6 from My Library.SchLib
Replace Part X1 XT2 in D:\HUST\Do An\DATN\Node\MCU_NODE.SchDoc with XT2 from My Library.SchLib
Replace Part Y1 MC-306_32.768K-E3 in D:\HUST\Do An\DATN\Node\MCU_NODE.SchDoc with MC-306_32.768K-E3 from MC-306_32.768K-E3.IntLib
