Removed Pin From Net: NetName=3V8 Pin=H1-2
Removed Pin From Net: NetName=TX2 Pin=U1-12
Removed Pin From Net: NetName=RX2 Pin=U1-13
Removed Pin From Net: NetName=NSS1 Pin=U1-14
Removed Pin From Net: NetName=SCK1 Pin=U1-15
Removed Pin From Net: NetName=MISO1 Pin=U1-16
Change component parameters: Designator = "H1"; Footprint = "XH2.54M-6"; UniqueID = "\YPIPLQTI\TPBCPSPF"
Change component parameters. Clean all parameters for all variants
Change component parameters (AddParameter): Name = "Chung_Loai"; Value = "C?m"; VariantName = "[No Variations]"
Change component parameters (AddParameter): Name = "Don_Vi"; Value = "Con"; VariantName = "[No Variations]"
Change component parameters (AddParameter): Name = "Ghi_Chu"; Value = ""; VariantName = "[No Variations]"
Change component parameters (AddParameter): Name = "Kieu_Chan"; Value = ""; VariantName = "[No Variations]"
Change component parameters (AddParameter): Name = "Ma_Hang"; Value = "MH001972"; VariantName = "[No Variations]"
Change component parameters (AddParameter): Name = "Ten_Linh_Kien"; Value = "Header 6P XH2.54-6P Ð?c Th?ng"; VariantName = "[No Variations]"
Added Component: Designator=C27(CAP_0603)
Add component. Clean all parameters for all variants
Add component (AddParameter): Name = "Category"; Value = "CAPACITOR"; VariantName = "[No Variations]"
Add component (AddParameter): Name = "Manufacturer"; Value = "Samsung Electro-Mechanics"; VariantName = "[No Variations]"
Add component (AddParameter): Name = "Package"; Value = "0805"; VariantName = "[No Variations]"
Add component (AddParameter): Name = "Part number"; Value = "CL21A475KLCLQNC"; VariantName = "[No Variations]"
Add component (AddParameter): Name = "User_Description"; Value = "CAP CER 4.7UF 35V X5R 0805"; VariantName = "[No Variations]"
Add component (AddParameter): Name = "Value"; Value = "10uF,0603"; VariantName = "[No Variations]"
Added Component: Designator=C28(CAP_0603)
Add component. Clean all parameters for all variants
Add component (AddParameter): Name = "Category"; Value = "CAPACITOR"; VariantName = "[No Variations]"
Add component (AddParameter): Name = "Manufacturer"; Value = "Samsung Electro-Mechanics"; VariantName = "[No Variations]"
Add component (AddParameter): Name = "Package"; Value = "0805"; VariantName = "[No Variations]"
Add component (AddParameter): Name = "Part number"; Value = "CL21A475KLCLQNC"; VariantName = "[No Variations]"
Add component (AddParameter): Name = "User_Description"; Value = "CAP CER 4.7UF 35V X5R 0805"; VariantName = "[No Variations]"
Add component (AddParameter): Name = "Value"; Value = "100nF,0603"; VariantName = "[No Variations]"
Added Component: Designator=C29(CAP_0603)
Add component. Clean all parameters for all variants
Add component (AddParameter): Name = "Category"; Value = "CAPACITOR"; VariantName = "[No Variations]"
Add component (AddParameter): Name = "Manufacturer"; Value = "Samsung Electro-Mechanics"; VariantName = "[No Variations]"
Add component (AddParameter): Name = "Package"; Value = "0805"; VariantName = "[No Variations]"
Add component (AddParameter): Name = "Part number"; Value = "CL21A475KLCLQNC"; VariantName = "[No Variations]"
Add component (AddParameter): Name = "User_Description"; Value = "CAP CER 4.7UF 35V X5R 0805"; VariantName = "[No Variations]"
Add component (AddParameter): Name = "Value"; Value = "100nF,0603"; VariantName = "[No Variations]"
Added Component: Designator=H2(VH3.96M-3)
Add component. Clean all parameters for all variants
Add component (AddParameter): Name = "Chung_Loai"; Value = "C?m"; VariantName = "[No Variations]"
Add component (AddParameter): Name = "Don_Vi"; Value = "Con"; VariantName = "[No Variations]"
Add component (AddParameter): Name = "Ghi_Chu"; Value = ""; VariantName = "[No Variations]"
Add component (AddParameter): Name = "Kieu_Chan"; Value = ""; VariantName = "[No Variations]"
Add component (AddParameter): Name = "Ma_Hang"; Value = "MH001292"; VariantName = "[No Variations]"
Add component (AddParameter): Name = "Ten_Linh_Kien"; Value = "Header 3P XH2.54-3P Ð?c Th?ng"; VariantName = "[No Variations]"
Added Component: Designator=P2(IPXS)
Add component. Clean all parameters for all variants
Add component (AddParameter): Name = "Category"; Value = "Connectors"; VariantName = "[No Variations]"
Add component (AddParameter): Name = "Manufacturer"; Value = "TE Connectivity AMP Connectors"; VariantName = "[No Variations]"
Add component (AddParameter): Name = "Package"; Value = "SMD"; VariantName = "[No Variations]"
Add component (AddParameter): Name = "Part number"; Value = "2334884-1"; VariantName = "[No Variations]"
Add component (AddParameter): Name = "User_Description"; Value = "UMCC MICRO-COAX RECEPTACLE, GEN"; VariantName = "[No Variations]"
Add component (AddParameter): Name = "Value"; Value = ""; VariantName = "[No Variations]"
Added Component: Designator=Q1(SOT23)
Add component. Clean all parameters for all variants
Add component (AddParameter): Name = ""; Value = "C828"; VariantName = "[No Variations]"
Add component (AddParameter): Name = "Value"; Value = "C1815"; VariantName = "[No Variations]"
Added Component: Designator=R19(RES-SMD-0603)
Add component. Clean all parameters for all variants
Add component (AddParameter): Name = "Class"; Value = "Passive"; VariantName = "[No Variations]"
Add component (AddParameter): Name = "Manufacturer"; Value = "Generic Components"; VariantName = "[No Variations]"
Add component (AddParameter): Name = "Published"; Value = "08/06/2000"; VariantName = "[No Variations]"
Add component (AddParameter): Name = "Publisher"; Value = "Altium Hobart Technology Centre"; VariantName = "[No Variations]"
Added Component: Designator=R20(RES-SMD-0603)
Add component. Clean all parameters for all variants
Add component (AddParameter): Name = "Class"; Value = "Passive"; VariantName = "[No Variations]"
Add component (AddParameter): Name = "Manufacturer"; Value = "Generic Components"; VariantName = "[No Variations]"
Add component (AddParameter): Name = "Published"; Value = "08/06/2000"; VariantName = "[No Variations]"
Add component (AddParameter): Name = "Publisher"; Value = "Altium Hobart Technology Centre"; VariantName = "[No Variations]"
Added Component: Designator=R21(RES-SMD-0603)
Add component. Clean all parameters for all variants
Add component (AddParameter): Name = "Class"; Value = "Passive"; VariantName = "[No Variations]"
Add component (AddParameter): Name = "Manufacturer"; Value = "Generic Components"; VariantName = "[No Variations]"
Add component (AddParameter): Name = "Published"; Value = "08/06/2000"; VariantName = "[No Variations]"
Add component (AddParameter): Name = "Publisher"; Value = "Altium Hobart Technology Centre"; VariantName = "[No Variations]"
Added Component: Designator=U3(XCVR_L80-M39)
Add component. Clean all parameters for all variants
Add component (AddParameter): Name = "Availability"; Value = "Warning"; VariantName = "[No Variations]"
Add component (AddParameter): Name = "Check_prices"; Value = "https://www.snapeda.com/parts/L80-M39/Quectel/view-part/51186/?ref=eda"; VariantName = "[No Variations]"
Add component (AddParameter): Name = "MF"; Value = "Quectel"; VariantName = "[No Variations]"
Add component (AddParameter): Name = "MP"; Value = "L80-M39"; VariantName = "[No Variations]"
Add component (AddParameter): Name = "Package"; Value = "None"; VariantName = "[No Variations]"
Add component (AddParameter): Name = "Price"; Value = "None"; VariantName = "[No Variations]"
Add component (AddParameter): Name = "Purchase-URL"; Value = "https://pricing.snapeda.com/search/part/L80-M39/?ref=eda"; VariantName = "[No Variations]"
Add component (AddParameter): Name = "SnapEDA_Link"; Value = "https://www.snapeda.com/parts/L80-M39/Quectel/view-part/51186/?ref=snap"; VariantName = "[No Variations]"
Add component (AddParameter): Name = "Value"; Value = ""; VariantName = "[No Variations]"
Added Pin To Net: NetName=GND Pin=C27-1
Added Pin To Net: NetName=3V3 Pin=C27-2
Added Pin To Net: NetName=GND Pin=C28-1
Added Pin To Net: NetName=3V3 Pin=C28-2
Added Pin To Net: NetName=GND Pin=C29-1
Added Pin To Net: NetName=3V3 Pin=C29-2
Added Pin To Net: NetName=SCK1 Pin=H1-2
Added Pin To Net: NetName=3V3 Pin=H2-1
Added Pin To Net: NetName=ADC2 Pin=H2-2
Added Pin To Net: NetName=GND Pin=H2-3
Added Pin To Net: NetName=GND Pin=P2-2
Added Pin To Net: NetName=GND Pin=P2-3
Added Pin To Net: NetName=GND Pin=Q1-1
Added Pin To Net: NetName=TX2 Pin=Q1-3
Added Pin To Net: NetName=TX2 Pin=R19-1
Added Pin To Net: NetName=RX2 Pin=R19-2
Added Pin To Net: NetName=GND Pin=R20-1
Added Pin To Net: NetName=TX2 Pin=R20-2
Added Pin To Net: NetName=MISO1 Pin=U1-12
Added Pin To Net: NetName=NSS1 Pin=U1-13
Added Pin To Net: NetName=RX2 Pin=U1-16
Added Pin To Net: NetName=MISO1 Pin=U3-1
Added Pin To Net: NetName=NSS1 Pin=U3-2
Added Pin To Net: NetName=GND Pin=U3-3
Added Pin To Net: NetName=3V3 Pin=U3-4
Added Pin To Net: NetName=3V3 Pin=U3-5
Added Pin To Net: NetName=MOSI1 Pin=U3-7
Added Pin To Net: NetName=GND Pin=U3-12
Change Net Name : Old Net Name=MISO1 New Net Name=NetU1_12
Change Net Name : Old Net Name=MOSI1 New Net Name=NetU1_17
Change Net Name : Old Net Name=NSS1 New Net Name=NetU1_13
Change Net Name : Old Net Name=RX2 New Net Name=NetR19_2
Change Net Name : Old Net Name=SCK1 New Net Name=3V8
Change Net Name : Old Net Name=TX2 New Net Name=NetQ1_3
Change Net Name : Old Net Name=VBAT_ADC New Net Name=NetC23_2
Added Pin To Net: NetName=EX_ANT Pin=R21-2
Added Pin To Net: NetName=EX_ANT Pin=U3-11
Added Net: Name=EX_ANT
Added Pin To Net: NetName=NetP2_1 Pin=P2-1
Added Pin To Net: NetName=NetP2_1 Pin=R21-1
Added Net: Name=NetP2_1
Added Pin To Net: NetName=NetQ1_2 Pin=Q1-2
Added Pin To Net: NetName=NetQ1_2 Pin=U3-10
Added Net: Name=NetQ1_2
Change Class Name : Old Net Name=MCU_NODE New Net Name=1.MCU_NODE
Change Class Name : Old Net Name=POWER_NODE New Net Name=2.POWER_NODE
Added Class: Name=3.GPS
Added Member To Class: ClassName=1.MCU_NODE Member=Component H2 Header 3P VH3.96 Duc Thang
Added Room: Name=1.MCU_NODE
Added Room: Name=2.POWER_NODE
Added Room: Name=3.GPS
