Removed Pin From Net: NetName=NetC13_1 Pin=C13-1
Removed Pin From Net: NetName=NetC13_1 Pin=C15-2
Removed Pin From Net: NetName=NetC13_1 Pin=C16-2
Removed Pin From Net: NetName=5V Pin=D2-1
Removed Pin From Net: NetName=NetC13_1 Pin=D2-2
Removed Pin From Net: NetName=5V Pin=J1-1
Removed Member From Class: ClassName=2.POWER_NODE Member=D2
Added Component: Designator=D1(SMA)
Add component. Clean all parameters for all variants
Add component (AddParameter): Name = "Category"; Value = ""; VariantName = "[No Variations]"
Add component (AddParameter): Name = "Manufacturer"; Value = ""; VariantName = "[No Variations]"
Add component (AddParameter): Name = "Package"; Value = ""; VariantName = "[No Variations]"
Add component (AddParameter): Name = "Part number"; Value = ""; VariantName = "[No Variations]"
Add component (AddParameter): Name = "User_Description"; Value = ""; VariantName = "[No Variations]"
Add component (AddParameter): Name = "Value"; Value = "1N4007"; VariantName = "[No Variations]"
Added Pin To Net: NetName=5V Pin=C13-1
Added Pin To Net: NetName=5V Pin=C15-2
Added Pin To Net: NetName=5V Pin=C16-2
Added Pin To Net: NetName=NetC13_1 Pin=D1-1
Added Pin To Net: NetName=5V Pin=D1-2
Added Pin To Net: NetName=NetC13_1 Pin=J1-1
Change Net Name : Old Net Name=NetC13_1 New Net Name=NetD1_1
Added Member To Class: ClassName=1.MCU_NODE Member=Component D1 M7
Added Room: Name=1.MCU_NODE
Added Room: Name=2.POWER_NODE
Added Room: Name=3.GPS
