Change Component Description : Designator=H1 Old Description=C?m New Description=C?m
Change Component Description : Designator=H2 Old Description=C?m New Description=C?m
Change component parameters: Designator = "H1"; Footprint = "XH2.54M-6"; UniqueID = "\YPIPLQTI\TPBCPSPF"
Change component parameters. Clean all parameters for all variants
Change component parameters (AddParameter): Name = "Chung_Loai"; Value = "C?m"; VariantName = "[No Variations]"
Change component parameters (AddParameter): Name = "Don_Vi"; Value = "Con"; VariantName = "[No Variations]"
Change component parameters (AddParameter): Name = "Ghi_Chu"; Value = ""; VariantName = "[No Variations]"
Change component parameters (AddParameter): Name = "Kieu_Chan"; Value = ""; VariantName = "[No Variations]"
Change component parameters (AddParameter): Name = "Ma_Hang"; Value = "MH001972"; VariantName = "[No Variations]"
Change component parameters (AddParameter): Name = "Ten_Linh_Kien"; Value = "Header 6P XH2.54-6P Ð?c Th?ng"; VariantName = "[No Variations]"
Change component parameters: Designator = "H2"; Footprint = "VH3.96M-3"; UniqueID = "\YPIPLQTI\DXKWFXLU"
Change component parameters. Clean all parameters for all variants
Change component parameters (AddParameter): Name = "Chung_Loai"; Value = "C?m"; VariantName = "[No Variations]"
Change component parameters (AddParameter): Name = "Don_Vi"; Value = "Con"; VariantName = "[No Variations]"
Change component parameters (AddParameter): Name = "Ghi_Chu"; Value = ""; VariantName = "[No Variations]"
Change component parameters (AddParameter): Name = "Kieu_Chan"; Value = ""; VariantName = "[No Variations]"
Change component parameters (AddParameter): Name = "Ma_Hang"; Value = "MH001292"; VariantName = "[No Variations]"
Change component parameters (AddParameter): Name = "Ten_Linh_Kien"; Value = "Header 3P XH2.54-3P Ð?c Th?ng"; VariantName = "[No Variations]"
Added Component: Designator=LED4(LED0805)
Add component. Clean all parameters for all variants
Added Component: Designator=LED5(LED0805)
Add component. Clean all parameters for all variants
Added Component: Designator=Q2(SOT23-321)
Add component. Clean all parameters for all variants
Add component (AddParameter): Name = ""; Value = "C2383"; VariantName = "[No Variations]"
Add component (AddParameter): Name = "Value"; Value = "C1815"; VariantName = "[No Variations]"
Added Component: Designator=R5(RES-SMD-0603)
Add component. Clean all parameters for all variants
Add component (AddParameter): Name = "Class"; Value = "Passive"; VariantName = "[No Variations]"
Add component (AddParameter): Name = "Manufacturer"; Value = "Generic Components"; VariantName = "[No Variations]"
Add component (AddParameter): Name = "Published"; Value = "08/06/2000"; VariantName = "[No Variations]"
Add component (AddParameter): Name = "Publisher"; Value = "Altium Hobart Technology Centre"; VariantName = "[No Variations]"
Added Pin To Net: NetName=GND Pin=Q2-1
Added Pin To Net: NetName=3V3 Pin=R5-1
Added Pin To Net: NetName=NetLED4_1 Pin=LED4-1
Added Pin To Net: NetName=NetLED4_1 Pin=LED5-1
Added Pin To Net: NetName=NetLED4_1 Pin=R5-2
Added Net: Name=NetLED4_1
Added Pin To Net: NetName=NetLED4_2 Pin=LED4-2
Added Pin To Net: NetName=NetLED4_2 Pin=LED5-2
Added Pin To Net: NetName=NetLED4_2 Pin=Q2-2
Added Net: Name=NetLED4_2
Added Pin To Net: NetName=PPS Pin=Q2-3
Added Pin To Net: NetName=PPS Pin=U3-6
Added Net: Name=PPS
Added Member To Class: ClassName=3.GPS Member=Component LED4 LED3
Added Member To Class: ClassName=3.GPS Member=Component LED5 LED3
Added Member To Class: ClassName=3.GPS Member=Component Q2 2SC1815
Added Member To Class: ClassName=3.GPS Member=Component R5 330R,0603
Added Room: Name=1.MCU_NODE
Added Room: Name=2.POWER_NODE
Added Room: Name=3.GPS
