Replace Part C19 CapSMD in D:\HUST\Do An\DATN\Node\POWER_NODE.SchDoc with CapSMD from My Library.SchLib
Replace Part C20 CapSMD in D:\HUST\Do An\DATN\Node\POWER_NODE.SchDoc with CapSMD from My Library.SchLib
Replace Part C21 CapSMD in D:\HUST\Do An\DATN\Node\POWER_NODE.SchDoc with CapSMD from My Library.SchLib
Replace Part C22 CapSMD in D:\HUST\Do An\DATN\Node\POWER_NODE.SchDoc with CapSMD from My Library.SchLib
Replace Part C23 CapSMD in D:\HUST\Do An\DATN\Node\POWER_NODE.SchDoc with CapSMD from My Library.SchLib
Replace Part IC2 DW01A in D:\HUST\Do An\DATN\Node\POWER_NODE.SchDoc with DW01A from My Library.SchLib
Replace Part IC3 TP4056 in D:\HUST\Do An\DATN\Node\POWER_NODE.SchDoc with TP4056 from My Library.SchLib
Replace Part IC5 FS8205A in D:\HUST\Do An\DATN\Node\POWER_NODE.SchDoc with FS8205A from My Library.SchLib
Replace Part J2 JP2 in D:\HUST\Do An\DATN\Node\POWER_NODE.SchDoc with JP2 from My Library.SchLib
Replace Part J3 Jumper2 in D:\HUST\Do An\DATN\Node\POWER_NODE.SchDoc with Jumper2 from My Library.SchLib
Replace Part LED2 LED in D:\HUST\Do An\DATN\Node\POWER_NODE.SchDoc with LED from My Library.SchLib
Replace Part LED3 LED in D:\HUST\Do An\DATN\Node\POWER_NODE.SchDoc with LED from My Library.SchLib
Replace Part R11 Resistor - SMD in D:\HUST\Do An\DATN\Node\POWER_NODE.SchDoc with Resistor - SMD from My Library.SchLib
Replace Part R12 Resistor - SMD in D:\HUST\Do An\DATN\Node\POWER_NODE.SchDoc with Resistor - SMD from My Library.SchLib
Replace Part R13 Resistor - SMD in D:\HUST\Do An\DATN\Node\POWER_NODE.SchDoc with Resistor - SMD from My Library.SchLib
Replace Part R14 Resistor - SMD in D:\HUST\Do An\DATN\Node\POWER_NODE.SchDoc with Resistor - SMD from My Library.SchLib
Replace Part R15 Resistor - SMD in D:\HUST\Do An\DATN\Node\POWER_NODE.SchDoc with Resistor - SMD from My Library.SchLib
Replace Part R16 Resistor - SMD in D:\HUST\Do An\DATN\Node\POWER_NODE.SchDoc with Resistor - SMD from My Library.SchLib
Replace Part R17 Resistor - SMD in D:\HUST\Do An\DATN\Node\POWER_NODE.SchDoc with Resistor - SMD from My Library.SchLib
Replace Part U2 switch in D:\HUST\Do An\DATN\Node\POWER_NODE.SchDoc with switch from SIM_devkit.SCHLIB
