Replace Part C1 CapSMD_5 in D:\HUST\Ð? án\DATN\Gateway\Gateway\4G_GATEWAY.SchDoc with CapSMD_5 from SIM_devkit.SCHLIB
Replace Part C2 CapSMD_9 in D:\HUST\Ð? án\DATN\Gateway\Gateway\4G_GATEWAY.SchDoc with CapSMD_9 from SIM_devkit.SCHLIB
Replace Part C3 CapSMD_9 in D:\HUST\Ð? án\DATN\Gateway\Gateway\4G_GATEWAY.SchDoc with CapSMD_9 from SIM_devkit.SCHLIB
Replace Part C4 CapSMD_9 in D:\HUST\Ð? án\DATN\Gateway\Gateway\4G_GATEWAY.SchDoc with CapSMD_9 from SIM_devkit.SCHLIB
Replace Part C5 CapSMD_9 in D:\HUST\Ð? án\DATN\Gateway\Gateway\4G_GATEWAY.SchDoc with CapSMD_9 from SIM_devkit.SCHLIB
Replace Part C6 CapSMD_9 in D:\HUST\Ð? án\DATN\Gateway\Gateway\4G_GATEWAY.SchDoc with CapSMD_9 from SIM_devkit.SCHLIB
Replace Part C7 CapSMD_9 in D:\HUST\Ð? án\DATN\Gateway\Gateway\4G_GATEWAY.SchDoc with CapSMD_9 from SIM_devkit.SCHLIB
Replace Part C8 CapSMD_1 in D:\HUST\Ð? án\DATN\Gateway\Gateway\4G_GATEWAY.SchDoc with CapSMD_1 from SIM_devkit.SCHLIB
Replace Part C9 CapSMD in D:\HUST\Ð? án\DATN\Gateway\Gateway\4G_GATEWAY.SchDoc with CapSMD from My Library.SchLib
Replace Part C10 CapSMD in D:\HUST\Ð? án\DATN\Gateway\Gateway\4G_GATEWAY.SchDoc with CapSMD from My Library.SchLib
Replace Part C11 CapSMD in D:\HUST\Ð? án\DATN\Gateway\Gateway\4G_GATEWAY.SchDoc with CapSMD from My Library.SchLib
Replace Part C12 CapSMD in D:\HUST\Ð? án\DATN\Gateway\Gateway\4G_GATEWAY.SchDoc with CapSMD from My Library.SchLib
Replace Part C30 CapSMD in D:\HUST\Ð? án\DATN\Gateway\Gateway\4G_GATEWAY.SchDoc with CapSMD from My Library.SchLib
Replace Part C31 CapSMD_1 in D:\HUST\Ð? án\DATN\Gateway\Gateway\4G_GATEWAY.SchDoc with CapSMD_1 from SIM_devkit.SCHLIB
Replace Part D1 LED_2 in D:\HUST\Ð? án\DATN\Gateway\Gateway\4G_GATEWAY.SchDoc with LED_2 from SIM_devkit.SCHLIB
Replace Part D2 LED_2 in D:\HUST\Ð? án\DATN\Gateway\Gateway\4G_GATEWAY.SchDoc with LED_2 from SIM_devkit.SCHLIB
Replace Part D3 SMAJ30CA-30V/8.3A in D:\HUST\Ð? án\DATN\Gateway\Gateway\4G_GATEWAY.SchDoc with SMAJ30CA-30V/8.3A from SIM_devkit.SCHLIB
Replace Part D4 SMAJ30CA-30V/8.3A in D:\HUST\Ð? án\DATN\Gateway\Gateway\4G_GATEWAY.SchDoc with SMAJ30CA-30V/8.3A from SIM_devkit.SCHLIB
Replace Part IC1 TXB0102DCUR in D:\HUST\Ð? án\DATN\Gateway\Gateway\4G_GATEWAY.SchDoc with TXB0102DCUR from SIM_devkit.SCHLIB
Replace Part IC7 TPD4E001_1 in D:\HUST\Ð? án\DATN\Gateway\Gateway\4G_GATEWAY.SchDoc with TPD4E001_1 from SIM_devkit.SCHLIB
Replace Part L1 L1 in D:\HUST\Ð? án\DATN\Gateway\Gateway\4G_GATEWAY.SchDoc with L1 from SIM_devkit.SCHLIB
Replace Part P1 IPXSx66 in D:\HUST\Ð? án\DATN\Gateway\Gateway\4G_GATEWAY.SchDoc with IPXSx66 from SIM_devkit.SCHLIB
Replace Part P2 IPXSx66 in D:\HUST\Ð? án\DATN\Gateway\Gateway\4G_GATEWAY.SchDoc with IPXSx66 from SIM_devkit.SCHLIB
Replace Part P3 IPXSx66 in D:\HUST\Ð? án\DATN\Gateway\Gateway\4G_GATEWAY.SchDoc with IPXSx66 from SIM_devkit.SCHLIB
Replace Part Q1 MMBT3904 in D:\HUST\Ð? án\DATN\Gateway\Gateway\4G_GATEWAY.SchDoc with MMBT3904 from SIM_devkit.SCHLIB
Replace Part Q2 MMBT3904 in D:\HUST\Ð? án\DATN\Gateway\Gateway\4G_GATEWAY.SchDoc with MMBT3904 from SIM_devkit.SCHLIB
Replace Part Q3 2SC1815 in D:\HUST\Ð? án\DATN\Gateway\Gateway\4G_GATEWAY.SchDoc with 2SC1815 from My Library 2.SchLib
Replace Part Q4 2SC1815 in D:\HUST\Ð? án\DATN\Gateway\Gateway\4G_GATEWAY.SchDoc with 2SC1815 from My Library 2.SchLib
Replace Part R1 Resistor - SMD in D:\HUST\Ð? án\DATN\Gateway\Gateway\4G_GATEWAY.SchDoc with Resistor - SMD from SIM_devkit.SCHLIB
Replace Part R2 Resistor - SMD in D:\HUST\Ð? án\DATN\Gateway\Gateway\4G_GATEWAY.SchDoc with Resistor - SMD from SIM_devkit.SCHLIB
Replace Part R3 Resistor - SMD in D:\HUST\Ð? án\DATN\Gateway\Gateway\4G_GATEWAY.SchDoc with Resistor - SMD from SIM_devkit.SCHLIB
Replace Part R4 Resistor - SMD in D:\HUST\Ð? án\DATN\Gateway\Gateway\4G_GATEWAY.SchDoc with Resistor - SMD from My Library.SchLib
Replace Part R5 Resistor - SMD in D:\HUST\Ð? án\DATN\Gateway\Gateway\4G_GATEWAY.SchDoc with Resistor - SMD from My Library.SchLib
Replace Part R6 Resistor - SMD in D:\HUST\Ð? án\DATN\Gateway\Gateway\4G_GATEWAY.SchDoc with Resistor - SMD from My Library.SchLib
Replace Part R7 Resistor - SMD in D:\HUST\Ð? án\DATN\Gateway\Gateway\4G_GATEWAY.SchDoc with Resistor - SMD from My Library.SchLib
Replace Part R8 R in D:\HUST\Ð? án\DATN\Gateway\Gateway\4G_GATEWAY.SchDoc with R from My Library 2.SchLib
Replace Part R9 Resistor - SMD in D:\HUST\Ð? án\DATN\Gateway\Gateway\4G_GATEWAY.SchDoc with Resistor - SMD from My Library.SchLib
Replace Part R10 R in D:\HUST\Ð? án\DATN\Gateway\Gateway\4G_GATEWAY.SchDoc with R from My Library 2.SchLib
Replace Part R11 R in D:\HUST\Ð? án\DATN\Gateway\Gateway\4G_GATEWAY.SchDoc with R from My Library 2.SchLib
Replace Part R12 R in D:\HUST\Ð? án\DATN\Gateway\Gateway\4G_GATEWAY.SchDoc with R from My Library 2.SchLib
Replace Part R13 R in D:\HUST\Ð? án\DATN\Gateway\Gateway\4G_GATEWAY.SchDoc with R from My Library 2.SchLib
Replace Part R14 R in D:\HUST\Ð? án\DATN\Gateway\Gateway\4G_GATEWAY.SchDoc with R from My Library 2.SchLib
Replace Part R15 Resistor - SMD in D:\HUST\Ð? án\DATN\Gateway\Gateway\4G_GATEWAY.SchDoc with Resistor - SMD from My Library.SchLib
Replace Part R16 Resistor - SMD in D:\HUST\Ð? án\DATN\Gateway\Gateway\4G_GATEWAY.SchDoc with Resistor - SMD from My Library.SchLib
Replace Part R17 Resistor - SMD in D:\HUST\Ð? án\DATN\Gateway\Gateway\4G_GATEWAY.SchDoc with Resistor - SMD from My Library.SchLib
Replace Part R34 Resistor - SMD in D:\HUST\Ð? án\DATN\Gateway\Gateway\4G_GATEWAY.SchDoc with Resistor - SMD from My Library.SchLib
Replace Part R35 Resistor - SMD in D:\HUST\Ð? án\DATN\Gateway\Gateway\4G_GATEWAY.SchDoc with Resistor - SMD from SIM_devkit.SCHLIB
Replace Part R36 Resistor - SMD in D:\HUST\Ð? án\DATN\Gateway\Gateway\4G_GATEWAY.SchDoc with Resistor - SMD from SIM_devkit.SCHLIB
Replace Part SW1 SW2 in D:\HUST\Ð? án\DATN\Gateway\Gateway\4G_GATEWAY.SchDoc with SW2 from My Library 2.SchLib
Replace Part SW2 SW2 in D:\HUST\Ð? án\DATN\Gateway\Gateway\4G_GATEWAY.SchDoc with SW2 from My Library.SchLib
Replace Part SW3 SW2 in D:\HUST\Ð? án\DATN\Gateway\Gateway\4G_GATEWAY.SchDoc with SW2 from My Library 2.SchLib
Replace Part U1 Sim holder in D:\HUST\Ð? án\DATN\Gateway\Gateway\4G_GATEWAY.SchDoc with Sim holder from My Library.SchLib
