Change Component Description : Designator=JP3 Old Description=C?m New Description=C?m
Change component parameters: Designator = "JP3"; Footprint = "JP3"; UniqueID = "\LYGDHOCE\HZVBMBBH"
Change component parameters. Clean all parameters for all variants
Change component parameters (AddParameter): Name = "Chung_Loai"; Value = "C?m"; VariantName = "[No Variations]"
Change component parameters (AddParameter): Name = "Don_Vi"; Value = "Con"; VariantName = "[No Variations]"
Change component parameters (AddParameter): Name = "Ghi_Chu"; Value = ""; VariantName = "[No Variations]"
Change component parameters (AddParameter): Name = "Kieu_Chan"; Value = ""; VariantName = "[No Variations]"
Change component parameters (AddParameter): Name = "Ma_Hang"; Value = "MH004006"; VariantName = "[No Variations]"
Change component parameters (AddParameter): Name = "Ten_Linh_Kien"; Value = "Jump Ðon Cái 2.54MM 1x20P Th?ng"; VariantName = "[No Variations]"
Added Component: Designator=H1(VH3.96M-4)
Add component. Clean all parameters for all variants
Add component (AddParameter): Name = "Chung_Loai"; Value = "C?m"; VariantName = "[No Variations]"
Add component (AddParameter): Name = "Don_Vi"; Value = "Con"; VariantName = "[No Variations]"
Add component (AddParameter): Name = "Ghi_Chu"; Value = ""; VariantName = "[No Variations]"
Add component (AddParameter): Name = "Kieu_Chan"; Value = ""; VariantName = "[No Variations]"
Add component (AddParameter): Name = "Ma_Hang"; Value = "MH001285"; VariantName = "[No Variations]"
Add component (AddParameter): Name = "Ten_Linh_Kien"; Value = "Header 4P XH2.54-4P Ð?c Th?ng"; VariantName = "[No Variations]"
Added Pin To Net: NetName=SDA Pin=H1-1
Added Pin To Net: NetName=SCL Pin=H1-2
Added Pin To Net: NetName=3V3 Pin=H1-3
Added Pin To Net: NetName=GND Pin=H1-4
Added Member To Class: ClassName=2.MCU Member=Component H1 Header 4P VH3.96 Duc Thang
Added Member To Class: ClassName=3.4G Member=Component L LXES15AAA1-153
Added Room: Name=1.POWER
Added Room: Name=2.MCU
Added Room: Name=3.4G
