Removed Pin From Net: NetName=5V Pin=J1-1
Change Component Footprint: Designator=D5 Old Footprint=LED-0805-Blue New Footprint=SMA
Change Component Description : Designator=JP3 Old Description=C?m New Description=C?m
Change component parameters: Designator = "JP3"; Footprint = "JP3"; UniqueID = "\LYGDHOCE\HZVBMBBH"
Change component parameters. Clean all parameters for all variants
Change component parameters (AddParameter): Name = "Chung_Loai"; Value = "C?m"; VariantName = "[No Variations]"
Change component parameters (AddParameter): Name = "Don_Vi"; Value = "Con"; VariantName = "[No Variations]"
Change component parameters (AddParameter): Name = "Ghi_Chu"; Value = ""; VariantName = "[No Variations]"
Change component parameters (AddParameter): Name = "Kieu_Chan"; Value = ""; VariantName = "[No Variations]"
Change component parameters (AddParameter): Name = "Ma_Hang"; Value = "MH004006"; VariantName = "[No Variations]"
Change component parameters (AddParameter): Name = "Ten_Linh_Kien"; Value = "Jump Ðon Cái 2.54MM 1x20P Th?ng"; VariantName = "[No Variations]"
Added Component: Designator=D4(SMA)
Add component. Clean all parameters for all variants
Add component (AddParameter): Name = "Category"; Value = ""; VariantName = "[No Variations]"
Add component (AddParameter): Name = "Manufacturer"; Value = ""; VariantName = "[No Variations]"
Add component (AddParameter): Name = "Package"; Value = ""; VariantName = "[No Variations]"
Add component (AddParameter): Name = "Part number"; Value = ""; VariantName = "[No Variations]"
Add component (AddParameter): Name = "User_Description"; Value = ""; VariantName = "[No Variations]"
Add component (AddParameter): Name = "Value"; Value = "1N4007"; VariantName = "[No Variations]"
Added Pin To Net: NetName=5V Pin=D4-2
Added Pin To Net: NetName=NetD4_1 Pin=D4-1
Added Pin To Net: NetName=NetD4_1 Pin=J1-1
Added Net: Name=NetD4_1
Added Member To Class: ClassName=2.MCU Member=Component D4 M7
Added Member To Class: ClassName=1.POWER Member=Component IC4 LM2596
Added Member To Class: ClassName=3.4G Member=Component L LXES15AAA1-153
Added Room: Name=1.POWER
Added Room: Name=2.MCU
Added Room: Name=3.4G
