Removed Pin From Net: NetName=USIM_DATA Pin=C10-1
Removed Pin From Net: NetName=USIM_CLK Pin=C12-1
Removed Pin From Net: NetName=GND Pin=C30-1
Removed Pin From Net: NetName=NetC30_2 Pin=C30-2
Removed Pin From Net: NetName=USIM_CLK Pin=IC7-1
Removed Pin From Net: NetName=USIM_DATA Pin=IC7-3
Removed Pin From Net: NetName=USIM_DATA Pin=R15-1
Removed Pin From Net: NetName=NetR15_2 Pin=R15-2
Removed Pin From Net: NetName=NetR16_2 Pin=R16-2
Removed Pin From Net: NetName=USIM_CLK Pin=R17-1
Removed Pin From Net: NetName=NetR17_2 Pin=R17-2
Removed Pin From Net: NetName=NetR16_2 Pin=U1-3
Removed Pin From Net: NetName=NetR15_2 Pin=U1-7
Change Component Description : Designator=H1 Old Description=C?m New Description=C?m
Change Component Description : Designator=JP3 Old Description=C?m New Description=C?m
Change component parameters: Designator = "H1"; Footprint = "CON4"; UniqueID = "\LYGDHOCE\NRBZTREU"
Change component parameters. Clean all parameters for all variants
Change component parameters (AddParameter): Name = "Chung_Loai"; Value = "C?m"; VariantName = "[No Variations]"
Change component parameters (AddParameter): Name = "Don_Vi"; Value = "Con"; VariantName = "[No Variations]"
Change component parameters (AddParameter): Name = "Ghi_Chu"; Value = ""; VariantName = "[No Variations]"
Change component parameters (AddParameter): Name = "Kieu_Chan"; Value = ""; VariantName = "[No Variations]"
Change component parameters (AddParameter): Name = "Ma_Hang"; Value = "MH001285"; VariantName = "[No Variations]"
Change component parameters (AddParameter): Name = "Ten_Linh_Kien"; Value = "Header 4P XH2.54-4P Ð?c Th?ng"; VariantName = "[No Variations]"
Change component parameters: Designator = "JP3"; Footprint = "JP3"; UniqueID = "\LYGDHOCE\HZVBMBBH"
Change component parameters. Clean all parameters for all variants
Change component parameters (AddParameter): Name = "Chung_Loai"; Value = "C?m"; VariantName = "[No Variations]"
Change component parameters (AddParameter): Name = "Don_Vi"; Value = "Con"; VariantName = "[No Variations]"
Change component parameters (AddParameter): Name = "Ghi_Chu"; Value = ""; VariantName = "[No Variations]"
Change component parameters (AddParameter): Name = "Kieu_Chan"; Value = ""; VariantName = "[No Variations]"
Change component parameters (AddParameter): Name = "Ma_Hang"; Value = "MH004006"; VariantName = "[No Variations]"
Change component parameters (AddParameter): Name = "Ten_Linh_Kien"; Value = "Jump Ðon Cái 2.54MM 1x20P Th?ng"; VariantName = "[No Variations]"
Added Pin To Net: NetName=USIM_CLK Pin=C10-1
Added Pin To Net: NetName=NetC30_2 Pin=C11-1
Added Pin To Net: NetName=USIM_DATA Pin=C12-1
Added Pin To Net: NetName=NetC30_2 Pin=C30-1
Added Pin To Net: NetName=GND Pin=C30-2
Added Pin To Net: NetName=NetC30_2 Pin=IC2-33
Added Pin To Net: NetName=NetR17_2 Pin=IC7-1
Added Pin To Net: NetName=NetR16_2 Pin=IC7-3
Added Pin To Net: NetName=NetR15_2 Pin=IC7-6
Added Pin To Net: NetName=NetR15_2 Pin=R15-1
Added Pin To Net: NetName=NetC30_2 Pin=R15-2
Added Pin To Net: NetName=USIM_CLK Pin=R16-1
Added Pin To Net: NetName=NetR17_2 Pin=R16-2
Added Pin To Net: NetName=USIM_DATA Pin=R17-1
Added Pin To Net: NetName=NetR16_2 Pin=R17-2
Added Pin To Net: NetName=NetR15_2 Pin=U1-3
Added Pin To Net: NetName=NetR16_2 Pin=U1-7
Change Net Name : Old Net Name=NetC30_2 New Net Name=U_SIM
Change Net Name : Old Net Name=NetR15_2 New Net Name=NetIC7_6
Change Net Name : Old Net Name=NetR16_2 New Net Name=NetIC7_3
Change Net Name : Old Net Name=NetR17_2 New Net Name=NetIC7_1
Added Member To Class: ClassName=3.4G Member=Component L LXES15AAA1-153
Added Room: Name=1.POWER
Added Room: Name=2.MCU
Added Room: Name=3.4G
