Removed Pin From Net: NetName=VBAT Pin=U4-1
Removed Pin From Net: NetName=VBAT Pin=U4-2
Removed Pin From Net: NetName=NetD5_1 Pin=U4-3
Removed Member From Class: ClassName=1.POWER Member=U4
Added Component: Designator=J4(KF2-5.08)
Add component. Clean all parameters for all variants
Add component (AddParameter): Name = "ComponentLink1 Description"; Value = "Manufacturer"; VariantName = "[No Variations]"
Add component (AddParameter): Name = "ComponentLink1URL"; Value = "http://www.we-online.com"; VariantName = "[No Variations]"
Add component (AddParameter): Name = "ComponentLink2 Description"; Value = "Datasheet"; VariantName = "[No Variations]"
Add component (AddParameter): Name = "ComponentLink2URL"; Value = "http://katalog.we-online.de/em/datasheet/6130xx143121.pdf"; VariantName = "[No Variations]"
Add component (AddParameter): Name = "Created by"; Value = "Karrer Zheng"; VariantName = "[No Variations]"
Add component (AddParameter): Name = "Created Date"; Value = "29 March 2013"; VariantName = "[No Variations]"
Add component (AddParameter): Name = "Manufacturer"; Value = "W¨¹rth Elektronik eiSos GmbH"; VariantName = "[No Variations]"
Add component (AddParameter): Name = "NoPins"; Value = "02"; VariantName = "[No Variations]"
Add component (AddParameter): Name = "partNo"; Value = "613002143121"; VariantName = "[No Variations]"
Added Pin To Net: NetName=VBAT Pin=J4-1
Added Pin To Net: NetName=NetD5_1 Pin=J4-2
Added Member To Class: ClassName=1.POWER Member=Component J4 JP2
Added Member To Class: ClassName=3.4G Member=Component L LXES15AAA1-153
Added Room: Name=1.POWER
Added Room: Name=2.MCU
Added Room: Name=3.4G
