Removed Pin From Net: NetName=1V8 Pin=C7-2
Removed Pin From Net: NetName=1V8 Pin=IC2-15
Removed Pin From Net: NetName=1V8 Pin=R3-2
Removed Pin From Net: NetName=1V8 Pin=R7-1
Added Component: Designator=C31(CAP_0805)
Add component. Clean all parameters for all variants
Add component (AddParameter): Name = "LatestRevisionDate"; Value = "17-Jul-2002"; VariantName = "[No Variations]"
Add component (AddParameter): Name = "LatestRevisionNote"; Value = "Re-released for DXP Platform."; VariantName = "[No Variations]"
Add component (AddParameter): Name = "PackageReference"; Value = "RAD-0.3"; VariantName = "[No Variations]"
Add component (AddParameter): Name = "Published"; Value = "8-Jun-2000"; VariantName = "[No Variations]"
Add component (AddParameter): Name = "Publisher"; Value = "Altium Limited"; VariantName = "[No Variations]"
Add component (AddParameter): Name = "Value"; Value = "33p"; VariantName = "[No Variations]"
Added Pin To Net: NetName=1V8 Pin=C31-1
Change Net Name : Old Net Name=1V8 New Net Name=GND
Added Pin To Net: NetName=1V8 Pin=C7-2
Added Pin To Net: NetName=1V8 Pin=C31-2
Added Pin To Net: NetName=1V8 Pin=IC2-15
Added Pin To Net: NetName=1V8 Pin=R3-2
Added Pin To Net: NetName=1V8 Pin=R7-1
Added Net: Name=1V8
Added Member To Class: ClassName=3.4G Member=Component C31 10uF
