Change Component Footprint: Designator=C9 Old Footprint=CAP_0805 New Footprint=CAP_0402
Change Component Footprint: Designator=C10 Old Footprint=CAP_0805 New Footprint=CAP_0402
Change Component Footprint: Designator=C11 Old Footprint=CAP_0805 New Footprint=CAP_0402
Change Component Footprint: Designator=C12 Old Footprint=CAP_0805 New Footprint=CAP_0402
Change Component Footprint: Designator=C30 Old Footprint=CAP_0805 New Footprint=CAP_0402
Change Component Footprint: Designator=R4 Old Footprint=RES-SMD-0805 New Footprint=RES-SMD-0101
Change Component Footprint: Designator=R5 Old Footprint=RES-SMD-0805 New Footprint=RES-SMD-0101
Change Component Footprint: Designator=R6 Old Footprint=RES-SMD-0805 New Footprint=RES-SMD-0101
Change Component Footprint: Designator=R7 Old Footprint=RES-SMD-0805 New Footprint=RES-SMD-0101
Change Component Footprint: Designator=R9 Old Footprint=RES-SMD-0805 New Footprint=RES-SMD-0101
Change Component Footprint: Designator=R15 Old Footprint=RES-SMD-0805 New Footprint=RES-SMD-0101
Change Component Footprint: Designator=R16 Old Footprint=RES-SMD-0805 New Footprint=RES-SMD-0101
Change Component Footprint: Designator=R17 Old Footprint=RES-SMD-0805 New Footprint=RES-SMD-0101
Change Component Footprint: Designator=R34 Old Footprint=RES-SMD-0805 New Footprint=RES-SMD-0101
Change Component Footprint: Designator=R8 Old Footprint=RES-SMD-0805 New Footprint=SM-1206
Change Component Footprint: Designator=R10 Old Footprint=RES-SMD-0805 New Footprint=SM-1206
Change Component Footprint: Designator=R11 Old Footprint=RES-SMD-0805 New Footprint=SM-1206
Change Component Footprint: Designator=R12 Old Footprint=RES-SMD-0805 New Footprint=SM-1206
Change Component Footprint: Designator=R13 Old Footprint=RES-SMD-0805 New Footprint=SM-1206
Change Component Footprint: Designator=R14 Old Footprint=RES-SMD-0805 New Footprint=SM-1206
Change Component Footprint: Designator=Q3 Old Footprint=SOT23 New Footprint=TO92-123
Change Component Footprint: Designator=Q4 Old Footprint=SOT23 New Footprint=TO92-123
Change Component Footprint: Designator=Q1 Old Footprint=SOT23 New Footprint=TRAN-LOWPOWER
Change Component Footprint: Designator=Q2 Old Footprint=SOT23 New Footprint=TRAN-LOWPOWER
Change Component Footprint: Designator=SW1 Old Footprint=SW-SMD New Footprint=SW2
Change Component Footprint: Designator=SW2 Old Footprint=SW-SMD New Footprint=SW2
Change Component Footprint: Designator=SW3 Old Footprint=SW-SMD New Footprint=SW2
Change Component Comment : Designator=R7 Old Comment=0R New Comment=Resistor - SMD
Change Component Comment : Designator=R34 Old Comment=0R New Comment=Resistor - SMD
Change Component Comment : Designator=R5 Old Comment=10k New Comment=Resistor - SMD
Change Component Comment : Designator=R6 Old Comment=10k New Comment=Resistor - SMD
Change Component Comment : Designator=R9 Old Comment=10k New Comment=Resistor - SMD
Change Component Comment : Designator=R4 Old Comment=10R New Comment=Resistor - SMD
Change Component Comment : Designator=C3 Old Comment=10uF New Comment=104
Change Component Comment : Designator=C10 Old Comment=22pF New Comment=104
Change Component Comment : Designator=C11 Old Comment=22pF New Comment=104
Change Component Comment : Designator=C12 Old Comment=22pF New Comment=104
Change Component Comment : Designator=R15 Old Comment=22R New Comment=Resistor - SMD
Change Component Comment : Designator=R16 Old Comment=22R New Comment=Resistor - SMD
Change Component Comment : Designator=R17 Old Comment=22R New Comment=Resistor - SMD
Change Component Comment : Designator=C2 Old Comment=100nF New Comment=104
Change Component Comment : Designator=C4 Old Comment=100nF New Comment=104
Change Component Comment : Designator=C9 Old Comment=100nF New Comment=104
Change Component Comment : Designator=C5 Old Comment=100uF New Comment=104
Change Component Comment : Designator=R35 Old Comment=330R New Comment=1K
Change Component Comment : Designator=R36 Old Comment=330R New Comment=1K
