Replace Part AMS1 AMS1117 SMD in D:\HUST\Ð? án\DATN\Gateway\Gateway\POWER_GATEWAY.SchDoc with AMS1117 SMD from IC.SchLib
Replace Part C17 CapSMD in D:\HUST\Ð? án\DATN\Gateway\Gateway\POWER_GATEWAY.SchDoc with CapSMD from My Library.SchLib
Replace Part C18 CapSMD in D:\HUST\Ð? án\DATN\Gateway\Gateway\POWER_GATEWAY.SchDoc with CapSMD from My Library.SchLib
Replace Part C24 CapSMD in D:\HUST\Ð? án\DATN\Gateway\Gateway\POWER_GATEWAY.SchDoc with CapSMD from My Library.SchLib
Replace Part C28 CapSMD in D:\HUST\Ð? án\DATN\Gateway\Gateway\POWER_GATEWAY.SchDoc with CapSMD from My Library.SchLib
Replace Part C29 CapSMD in D:\HUST\Ð? án\DATN\Gateway\Gateway\POWER_GATEWAY.SchDoc with CapSMD from My Library.SchLib
Replace Part IC3 DW01A in D:\HUST\Ð? án\DATN\Gateway\Gateway\POWER_GATEWAY.SchDoc with DW01A from My Library.SchLib
Replace Part IC5 FS8205A in D:\HUST\Ð? án\DATN\Gateway\Gateway\POWER_GATEWAY.SchDoc with FS8205A from My Library.SchLib
Replace Part IC6 TP4056 in D:\HUST\Ð? án\DATN\Gateway\Gateway\POWER_GATEWAY.SchDoc with TP4056 from My Library.SchLib
Replace Part J2 JP2 in D:\HUST\Ð? án\DATN\Gateway\Gateway\POWER_GATEWAY.SchDoc with JP2 from My Library.SchLib
Replace Part J3 Jumper2 in D:\HUST\Ð? án\DATN\Gateway\Gateway\POWER_GATEWAY.SchDoc with Jumper2 from My Library.SchLib
Replace Part LED2 LED in D:\HUST\Ð? án\DATN\Gateway\Gateway\POWER_GATEWAY.SchDoc with LED from My Library.SchLib
Replace Part LED3 LED in D:\HUST\Ð? án\DATN\Gateway\Gateway\POWER_GATEWAY.SchDoc with LED from My Library.SchLib
Replace Part R23 Resistor - SMD in D:\HUST\Ð? án\DATN\Gateway\Gateway\POWER_GATEWAY.SchDoc with Resistor - SMD from My Library.SchLib
Replace Part R27 Resistor - SMD in D:\HUST\Ð? án\DATN\Gateway\Gateway\POWER_GATEWAY.SchDoc with Resistor - SMD from My Library.SchLib
Replace Part R28 Resistor - SMD in D:\HUST\Ð? án\DATN\Gateway\Gateway\POWER_GATEWAY.SchDoc with Resistor - SMD from My Library.SchLib
Replace Part R29 Resistor - SMD in D:\HUST\Ð? án\DATN\Gateway\Gateway\POWER_GATEWAY.SchDoc with Resistor - SMD from My Library.SchLib
Replace Part R31 Resistor - SMD in D:\HUST\Ð? án\DATN\Gateway\Gateway\POWER_GATEWAY.SchDoc with Resistor - SMD from My Library.SchLib
Replace Part R32 Resistor - SMD in D:\HUST\Ð? án\DATN\Gateway\Gateway\POWER_GATEWAY.SchDoc with Resistor - SMD from My Library.SchLib
Replace Part R33 Resistor - SMD in D:\HUST\Ð? án\DATN\Gateway\Gateway\POWER_GATEWAY.SchDoc with Resistor - SMD from My Library.SchLib
Replace Part U4 switch in D:\HUST\Ð? án\DATN\Gateway\Gateway\POWER_GATEWAY.SchDoc with switch from SIM_devkit.SCHLIB
